<?xml version="1.0" encoding="UTF-8"?>
<!-- Generated by org.testng.reporters.JUnitReportReporter -->
<testsuite hostname="INENGUPTAA61L1C" name="Test.testNG" tests="1" failures="0" timestamp="10 Jun 2017 18:42:18 GMT" time="0.004" errors="0">
  <testcase name="test" time="0.004" classname="Test.testNG"/>
</testsuite> <!-- Test.testNG -->
